This is pdfTeX, Version 3.14159265-2.6-1.40.19 (TeX Live 2018/W32TeX) (preloaded format=pdflatex 2018.9.13)  2 APR 2019 22:54
entering extended mode
 restricted \write18 enabled.
 %&-line parsing enabled.
**KTHPresentation.tex
(./KTHPresentation.tex
LaTeX2e <2018-04-01> patch level 2
Babel <3.18> and hyphenation patterns for 84 language(s) loaded.
(d:/thinkPad/texlive/2018/texmf-dist/tex/latex/beamer/beamer.cls
Document Class: beamer 2018/02/20 v3.50 A class for typesetting presentations
(d:/thinkPad/texlive/2018/texmf-dist/tex/latex/beamer/beamerbasemodes.sty
(d:/thinkPad/texlive/2018/texmf-dist/tex/latex/etoolbox/etoolbox.sty
Package: etoolbox 2018/02/11 v2.5e e-TeX tools for LaTeX (JAW)
\etb@tempcnta=\count80
)
\beamer@tempbox=\box26
\beamer@tempcount=\count81
\c@beamerpauses=\count82

(d:/thinkPad/texlive/2018/texmf-dist/tex/latex/beamer/beamerbasedecode.sty
\beamer@slideinframe=\count83
\beamer@minimum=\count84
)
\beamer@commentbox=\box27
\beamer@modecount=\count85
)
(d:/thinkPad/texlive/2018/texmf-dist/tex/generic/oberdiek/ifpdf.sty
Package: ifpdf 2017/03/15 v3.2 Provides the ifpdf switch
)
\headdp=\dimen102
\footheight=\dimen103
\sidebarheight=\dimen104
\beamer@tempdim=\dimen105
\beamer@finalheight=\dimen106
\beamer@animht=\dimen107
\beamer@animdp=\dimen108
\beamer@animwd=\dimen109
\beamer@leftmargin=\dimen110
\beamer@rightmargin=\dimen111
\beamer@leftsidebar=\dimen112
\beamer@rightsidebar=\dimen113
\beamer@boxsize=\dimen114
\beamer@vboxoffset=\dimen115
\beamer@descdefault=\dimen116
\beamer@descriptionwidth=\dimen117
\beamer@lastskip=\skip41
\beamer@areabox=\box28
\beamer@animcurrent=\box29
\beamer@animshowbox=\box30
\beamer@sectionbox=\box31
\beamer@logobox=\box32
\beamer@linebox=\box33
\beamer@sectioncount=\count86
\beamer@subsubsectionmax=\count87
\beamer@subsectionmax=\count88
\beamer@sectionmax=\count89
\beamer@totalheads=\count90
\beamer@headcounter=\count91
\beamer@partstartpage=\count92
\beamer@sectionstartpage=\count93
\beamer@subsectionstartpage=\count94
\beamer@animationtempa=\count95
\beamer@animationtempb=\count96
\beamer@xpos=\count97
\beamer@ypos=\count98
\beamer@ypos@offset=\count99
\beamer@showpartnumber=\count100
\beamer@currentsubsection=\count101
\beamer@coveringdepth=\count102
\beamer@sectionadjust=\count103
\beamer@tocsectionnumber=\count104

(d:/thinkPad/texlive/2018/texmf-dist/tex/latex/beamer/beamerbaseoptions.sty
(d:/thinkPad/texlive/2018/texmf-dist/tex/latex/graphics/keyval.sty
Package: keyval 2014/10/28 v1.15 key=value parser (DPC)
\KV@toks@=\toks14
))
\beamer@paperwidth=\skip42
\beamer@paperheight=\skip43

(d:/thinkPad/texlive/2018/texmf-dist/tex/latex/geometry/geometry.sty
Package: geometry 2018/03/24 v5.7 Page Geometry

(d:/thinkPad/texlive/2018/texmf-dist/tex/generic/oberdiek/ifvtex.sty
Package: ifvtex 2016/05/16 v1.6 Detect VTeX and its facilities (HO)
Package ifvtex Info: VTeX not detected.
)
(d:/thinkPad/texlive/2018/texmf-dist/tex/generic/ifxetex/ifxetex.sty
Package: ifxetex 2010/09/12 v0.6 Provides ifxetex conditional
)
\Gm@cnth=\count105
\Gm@cntv=\count106
\c@Gm@tempcnt=\count107
\Gm@bindingoffset=\dimen118
\Gm@wd@mp=\dimen119
\Gm@odd@mp=\dimen120
\Gm@even@mp=\dimen121
\Gm@layoutwidth=\dimen122
\Gm@layoutheight=\dimen123
\Gm@layouthoffset=\dimen124
\Gm@layoutvoffset=\dimen125
\Gm@dimlist=\toks15
)
(d:/thinkPad/texlive/2018/texmf-dist/tex/latex/base/size11.clo
File: size11.clo 2014/09/29 v1.4h Standard LaTeX file (size option)
)
(d:/thinkPad/texlive/2018/texmf-dist/tex/latex/pgf/basiclayer/pgfcore.sty
(d:/thinkPad/texlive/2018/texmf-dist/tex/latex/graphics/graphicx.sty
Package: graphicx 2017/06/01 v1.1a Enhanced LaTeX Graphics (DPC,SPQR)

(d:/thinkPad/texlive/2018/texmf-dist/tex/latex/graphics/graphics.sty
Package: graphics 2017/06/25 v1.2c Standard LaTeX Graphics (DPC,SPQR)

(d:/thinkPad/texlive/2018/texmf-dist/tex/latex/graphics/trig.sty
Package: trig 2016/01/03 v1.10 sin cos tan (DPC)
)
(d:/thinkPad/texlive/2018/texmf-dist/tex/latex/graphics-cfg/graphics.cfg
File: graphics.cfg 2016/06/04 v1.11 sample graphics configuration
)
Package graphics Info: Driver file: pdftex.def on input line 99.

(d:/thinkPad/texlive/2018/texmf-dist/tex/latex/graphics-def/pdftex.def
File: pdftex.def 2018/01/08 v1.0l Graphics/color driver for pdftex
))
\Gin@req@height=\dimen126
\Gin@req@width=\dimen127
)
(d:/thinkPad/texlive/2018/texmf-dist/tex/latex/pgf/systemlayer/pgfsys.sty
(d:/thinkPad/texlive/2018/texmf-dist/tex/latex/pgf/utilities/pgfrcs.sty
(d:/thinkPad/texlive/2018/texmf-dist/tex/generic/pgf/utilities/pgfutil-common.t
ex
\pgfutil@everybye=\toks16
\pgfutil@tempdima=\dimen128
\pgfutil@tempdimb=\dimen129

(d:/thinkPad/texlive/2018/texmf-dist/tex/generic/pgf/utilities/pgfutil-common-l
ists.tex))
(d:/thinkPad/texlive/2018/texmf-dist/tex/generic/pgf/utilities/pgfutil-latex.de
f
\pgfutil@abb=\box34
 (d:/thinkPad/texlive/2018/texmf-dist/tex/latex/ms/everyshi.sty
Package: everyshi 2001/05/15 v3.00 EveryShipout Package (MS)
))
(d:/thinkPad/texlive/2018/texmf-dist/tex/generic/pgf/utilities/pgfrcs.code.tex
Package: pgfrcs 2015/08/07 v3.0.1a (rcs-revision 1.31)
))
(d:/thinkPad/texlive/2018/texmf-dist/tex/generic/pgf/systemlayer/pgfsys.code.te
x
Package: pgfsys 2014/07/09 v3.0.1a (rcs-revision 1.48)

(d:/thinkPad/texlive/2018/texmf-dist/tex/generic/pgf/utilities/pgfkeys.code.tex
\pgfkeys@pathtoks=\toks17
\pgfkeys@temptoks=\toks18

(d:/thinkPad/texlive/2018/texmf-dist/tex/generic/pgf/utilities/pgfkeysfiltered.
code.tex
\pgfkeys@tmptoks=\toks19
))
\pgf@x=\dimen130
\pgf@y=\dimen131
\pgf@xa=\dimen132
\pgf@ya=\dimen133
\pgf@xb=\dimen134
\pgf@yb=\dimen135
\pgf@xc=\dimen136
\pgf@yc=\dimen137
\w@pgf@writea=\write3
\r@pgf@reada=\read1
\c@pgf@counta=\count108
\c@pgf@countb=\count109
\c@pgf@countc=\count110
\c@pgf@countd=\count111
\t@pgf@toka=\toks20
\t@pgf@tokb=\toks21
\t@pgf@tokc=\toks22

(d:/thinkPad/texlive/2018/texmf-dist/tex/generic/pgf/systemlayer/pgf.cfg
File: pgf.cfg 2008/05/14  (rcs-revision 1.7)
)
Driver file for pgf: pgfsys-pdftex.def

(d:/thinkPad/texlive/2018/texmf-dist/tex/generic/pgf/systemlayer/pgfsys-pdftex.
def
File: pgfsys-pdftex.def 2014/10/11  (rcs-revision 1.35)

(d:/thinkPad/texlive/2018/texmf-dist/tex/generic/pgf/systemlayer/pgfsys-common-
pdf.def
File: pgfsys-common-pdf.def 2013/10/10  (rcs-revision 1.13)
)))
(d:/thinkPad/texlive/2018/texmf-dist/tex/generic/pgf/systemlayer/pgfsyssoftpath
.code.tex
File: pgfsyssoftpath.code.tex 2013/09/09  (rcs-revision 1.9)
\pgfsyssoftpath@smallbuffer@items=\count112
\pgfsyssoftpath@bigbuffer@items=\count113
)
(d:/thinkPad/texlive/2018/texmf-dist/tex/generic/pgf/systemlayer/pgfsysprotocol
.code.tex
File: pgfsysprotocol.code.tex 2006/10/16  (rcs-revision 1.4)
)) (d:/thinkPad/texlive/2018/texmf-dist/tex/latex/xcolor/xcolor.sty
Package: xcolor 2016/05/11 v2.12 LaTeX color extensions (UK)

(d:/thinkPad/texlive/2018/texmf-dist/tex/latex/graphics-cfg/color.cfg
File: color.cfg 2016/01/02 v1.6 sample color configuration
)
Package xcolor Info: Driver file: pdftex.def on input line 225.
Package xcolor Info: Model `cmy' substituted by `cmy0' on input line 1348.
Package xcolor Info: Model `hsb' substituted by `rgb' on input line 1352.
Package xcolor Info: Model `RGB' extended on input line 1364.
Package xcolor Info: Model `HTML' substituted by `rgb' on input line 1366.
Package xcolor Info: Model `Hsb' substituted by `hsb' on input line 1367.
Package xcolor Info: Model `tHsb' substituted by `hsb' on input line 1368.
Package xcolor Info: Model `HSB' substituted by `hsb' on input line 1369.
Package xcolor Info: Model `Gray' substituted by `gray' on input line 1370.
Package xcolor Info: Model `wave' substituted by `hsb' on input line 1371.
)
(d:/thinkPad/texlive/2018/texmf-dist/tex/generic/pgf/basiclayer/pgfcore.code.te
x
Package: pgfcore 2010/04/11 v3.0.1a (rcs-revision 1.7)
 (d:/thinkPad/texlive/2018/texmf-dist/tex/generic/pgf/math/pgfmath.code.tex
(d:/thinkPad/texlive/2018/texmf-dist/tex/generic/pgf/math/pgfmathcalc.code.tex
(d:/thinkPad/texlive/2018/texmf-dist/tex/generic/pgf/math/pgfmathutil.code.tex)

(d:/thinkPad/texlive/2018/texmf-dist/tex/generic/pgf/math/pgfmathparser.code.te
x
\pgfmath@dimen=\dimen138
\pgfmath@count=\count114
\pgfmath@box=\box35
\pgfmath@toks=\toks23
\pgfmath@stack@operand=\toks24
\pgfmath@stack@operation=\toks25
)
(d:/thinkPad/texlive/2018/texmf-dist/tex/generic/pgf/math/pgfmathfunctions.code
.tex
(d:/thinkPad/texlive/2018/texmf-dist/tex/generic/pgf/math/pgfmathfunctions.basi
c.code.tex)
(d:/thinkPad/texlive/2018/texmf-dist/tex/generic/pgf/math/pgfmathfunctions.trig
onometric.code.tex)
(d:/thinkPad/texlive/2018/texmf-dist/tex/generic/pgf/math/pgfmathfunctions.rand
om.code.tex)
(d:/thinkPad/texlive/2018/texmf-dist/tex/generic/pgf/math/pgfmathfunctions.comp
arison.code.tex)
(d:/thinkPad/texlive/2018/texmf-dist/tex/generic/pgf/math/pgfmathfunctions.base
.code.tex)
(d:/thinkPad/texlive/2018/texmf-dist/tex/generic/pgf/math/pgfmathfunctions.roun
d.code.tex)
(d:/thinkPad/texlive/2018/texmf-dist/tex/generic/pgf/math/pgfmathfunctions.misc
.code.tex)
(d:/thinkPad/texlive/2018/texmf-dist/tex/generic/pgf/math/pgfmathfunctions.inte
gerarithmetics.code.tex)))
(d:/thinkPad/texlive/2018/texmf-dist/tex/generic/pgf/math/pgfmathfloat.code.tex
\c@pgfmathroundto@lastzeros=\count115
))
(d:/thinkPad/texlive/2018/texmf-dist/tex/generic/pgf/basiclayer/pgfcorepoints.c
ode.tex
File: pgfcorepoints.code.tex 2013/10/07  (rcs-revision 1.27)
\pgf@picminx=\dimen139
\pgf@picmaxx=\dimen140
\pgf@picminy=\dimen141
\pgf@picmaxy=\dimen142
\pgf@pathminx=\dimen143
\pgf@pathmaxx=\dimen144
\pgf@pathminy=\dimen145
\pgf@pathmaxy=\dimen146
\pgf@xx=\dimen147
\pgf@xy=\dimen148
\pgf@yx=\dimen149
\pgf@yy=\dimen150
\pgf@zx=\dimen151
\pgf@zy=\dimen152
)
(d:/thinkPad/texlive/2018/texmf-dist/tex/generic/pgf/basiclayer/pgfcorepathcons
truct.code.tex
File: pgfcorepathconstruct.code.tex 2013/10/07  (rcs-revision 1.29)
\pgf@path@lastx=\dimen153
\pgf@path@lasty=\dimen154
)
(d:/thinkPad/texlive/2018/texmf-dist/tex/generic/pgf/basiclayer/pgfcorepathusag
e.code.tex
File: pgfcorepathusage.code.tex 2014/11/02  (rcs-revision 1.24)
\pgf@shorten@end@additional=\dimen155
\pgf@shorten@start@additional=\dimen156
)
(d:/thinkPad/texlive/2018/texmf-dist/tex/generic/pgf/basiclayer/pgfcorescopes.c
ode.tex
File: pgfcorescopes.code.tex 2015/05/08  (rcs-revision 1.46)
\pgfpic=\box36
\pgf@hbox=\box37
\pgf@layerbox@main=\box38
\pgf@picture@serial@count=\count116
)
(d:/thinkPad/texlive/2018/texmf-dist/tex/generic/pgf/basiclayer/pgfcoregraphics
tate.code.tex
File: pgfcoregraphicstate.code.tex 2014/11/02  (rcs-revision 1.12)
\pgflinewidth=\dimen157
)
(d:/thinkPad/texlive/2018/texmf-dist/tex/generic/pgf/basiclayer/pgfcoretransfor
mations.code.tex
File: pgfcoretransformations.code.tex 2015/08/07  (rcs-revision 1.20)
\pgf@pt@x=\dimen158
\pgf@pt@y=\dimen159
\pgf@pt@temp=\dimen160
)
(d:/thinkPad/texlive/2018/texmf-dist/tex/generic/pgf/basiclayer/pgfcorequick.co
de.tex
File: pgfcorequick.code.tex 2008/10/09  (rcs-revision 1.3)
)
(d:/thinkPad/texlive/2018/texmf-dist/tex/generic/pgf/basiclayer/pgfcoreobjects.
code.tex
File: pgfcoreobjects.code.tex 2006/10/11  (rcs-revision 1.2)
)
(d:/thinkPad/texlive/2018/texmf-dist/tex/generic/pgf/basiclayer/pgfcorepathproc
essing.code.tex
File: pgfcorepathprocessing.code.tex 2013/09/09  (rcs-revision 1.9)
)
(d:/thinkPad/texlive/2018/texmf-dist/tex/generic/pgf/basiclayer/pgfcorearrows.c
ode.tex
File: pgfcorearrows.code.tex 2015/05/14  (rcs-revision 1.43)
\pgfarrowsep=\dimen161
)
(d:/thinkPad/texlive/2018/texmf-dist/tex/generic/pgf/basiclayer/pgfcoreshade.co
de.tex
File: pgfcoreshade.code.tex 2013/07/15  (rcs-revision 1.15)
\pgf@max=\dimen162
\pgf@sys@shading@range@num=\count117
)
(d:/thinkPad/texlive/2018/texmf-dist/tex/generic/pgf/basiclayer/pgfcoreimage.co
de.tex
File: pgfcoreimage.code.tex 2013/07/15  (rcs-revision 1.18)

(d:/thinkPad/texlive/2018/texmf-dist/tex/generic/pgf/basiclayer/pgfcoreexternal
.code.tex
File: pgfcoreexternal.code.tex 2014/07/09  (rcs-revision 1.21)
\pgfexternal@startupbox=\box39
))
(d:/thinkPad/texlive/2018/texmf-dist/tex/generic/pgf/basiclayer/pgfcorelayers.c
ode.tex
File: pgfcorelayers.code.tex 2013/07/18  (rcs-revision 1.7)
)
(d:/thinkPad/texlive/2018/texmf-dist/tex/generic/pgf/basiclayer/pgfcoretranspar
ency.code.tex
File: pgfcoretransparency.code.tex 2013/09/30  (rcs-revision 1.5)
)
(d:/thinkPad/texlive/2018/texmf-dist/tex/generic/pgf/basiclayer/pgfcorepatterns
.code.tex
File: pgfcorepatterns.code.tex 2013/11/07  (rcs-revision 1.5)
)))
(d:/thinkPad/texlive/2018/texmf-dist/tex/latex/pgf/utilities/xxcolor.sty
Package: xxcolor 2003/10/24 ver 0.1
\XC@nummixins=\count118
\XC@countmixins=\count119
)
(d:/thinkPad/texlive/2018/texmf-dist/tex/generic/oberdiek/atbegshi.sty
Package: atbegshi 2016/06/09 v1.18 At begin shipout hook (HO)

(d:/thinkPad/texlive/2018/texmf-dist/tex/generic/oberdiek/infwarerr.sty
Package: infwarerr 2016/05/16 v1.4 Providing info/warning/error messages (HO)
)
(d:/thinkPad/texlive/2018/texmf-dist/tex/generic/oberdiek/ltxcmds.sty
Package: ltxcmds 2016/05/16 v1.23 LaTeX kernel commands for general use (HO)
))
(d:/thinkPad/texlive/2018/texmf-dist/tex/latex/hyperref/hyperref.sty
Package: hyperref 2018/02/06 v6.86b Hypertext links for LaTeX

(d:/thinkPad/texlive/2018/texmf-dist/tex/generic/oberdiek/hobsub-hyperref.sty
Package: hobsub-hyperref 2016/05/16 v1.14 Bundle oberdiek, subset hyperref (HO)


(d:/thinkPad/texlive/2018/texmf-dist/tex/generic/oberdiek/hobsub-generic.sty
Package: hobsub-generic 2016/05/16 v1.14 Bundle oberdiek, subset generic (HO)
Package: hobsub 2016/05/16 v1.14 Construct package bundles (HO)
Package hobsub Info: Skipping package `infwarerr' (already loaded).
Package hobsub Info: Skipping package `ltxcmds' (already loaded).
Package: ifluatex 2016/05/16 v1.4 Provides the ifluatex switch (HO)
Package ifluatex Info: LuaTeX not detected.
Package hobsub Info: Skipping package `ifvtex' (already loaded).
Package: intcalc 2016/05/16 v1.2 Expandable calculations with integers (HO)
Package hobsub Info: Skipping package `ifpdf' (already loaded).
Package: etexcmds 2016/05/16 v1.6 Avoid name clashes with e-TeX commands (HO)
Package etexcmds Info: Could not find \expanded.
(etexcmds)             That can mean that you are not using pdfTeX 1.50 or
(etexcmds)             that some package has redefined \expanded.
(etexcmds)             In the latter case, load this package earlier.
Package: kvsetkeys 2016/05/16 v1.17 Key value parser (HO)
Package: kvdefinekeys 2016/05/16 v1.4 Define keys (HO)
Package: pdftexcmds 2018/01/30 v0.27 Utility functions of pdfTeX for LuaTeX (HO
)
Package pdftexcmds Info: LuaTeX not detected.
Package pdftexcmds Info: \pdf@primitive is available.
Package pdftexcmds Info: \pdf@ifprimitive is available.
Package pdftexcmds Info: \pdfdraftmode found.
Package: pdfescape 2016/05/16 v1.14 Implements pdfTeX's escape features (HO)
Package: bigintcalc 2016/05/16 v1.4 Expandable calculations on big integers (HO
)
Package: bitset 2016/05/16 v1.2 Handle bit-vector datatype (HO)
Package: uniquecounter 2016/05/16 v1.3 Provide unlimited unique counter (HO)
)
Package hobsub Info: Skipping package `hobsub' (already loaded).
Package: letltxmacro 2016/05/16 v1.5 Let assignment for LaTeX macros (HO)
Package: hopatch 2016/05/16 v1.3 Wrapper for package hooks (HO)
Package: xcolor-patch 2016/05/16 xcolor patch
Package: atveryend 2016/05/16 v1.9 Hooks at the very end of document (HO)
Package hobsub Info: Skipping package `atbegshi' (already loaded).
Package: refcount 2016/05/16 v3.5 Data extraction from label references (HO)
Package: hycolor 2016/05/16 v1.8 Color options for hyperref/bookmark (HO)
)
(d:/thinkPad/texlive/2018/texmf-dist/tex/latex/oberdiek/auxhook.sty
Package: auxhook 2016/05/16 v1.4 Hooks for auxiliary files (HO)
)
(d:/thinkPad/texlive/2018/texmf-dist/tex/latex/oberdiek/kvoptions.sty
Package: kvoptions 2016/05/16 v3.12 Key value format for package options (HO)
)
\@linkdim=\dimen163
\Hy@linkcounter=\count120
\Hy@pagecounter=\count121

(d:/thinkPad/texlive/2018/texmf-dist/tex/latex/hyperref/pd1enc.def
File: pd1enc.def 2018/02/06 v6.86b Hyperref: PDFDocEncoding definition (HO)
Now handling font encoding PD1 ...
... no UTF-8 mapping file for font encoding PD1
)
\Hy@SavedSpaceFactor=\count122

(d:/thinkPad/texlive/2018/texmf-dist/tex/latex/latexconfig/hyperref.cfg
File: hyperref.cfg 2002/06/06 v1.2 hyperref configuration of TeXLive
)
Package hyperref Info: Option `bookmarks' set `true' on input line 4383.
Package hyperref Info: Option `bookmarksopen' set `true' on input line 4383.
Package hyperref Info: Option `implicit' set `false' on input line 4383.
Package hyperref Info: Hyper figures OFF on input line 4509.
Package hyperref Info: Link nesting OFF on input line 4514.
Package hyperref Info: Hyper index ON on input line 4517.
Package hyperref Info: Plain pages OFF on input line 4524.
Package hyperref Info: Backreferencing OFF on input line 4529.
Package hyperref Info: Implicit mode OFF; no redefinition of LaTeX internals.
Package hyperref Info: Bookmarks ON on input line 4762.
\c@Hy@tempcnt=\count123

(d:/thinkPad/texlive/2018/texmf-dist/tex/latex/url/url.sty
\Urlmuskip=\muskip10
Package: url 2013/09/16  ver 3.4  Verb mode for urls, etc.
)
LaTeX Info: Redefining \url on input line 5115.
\XeTeXLinkMargin=\dimen164
\Fld@menulength=\count124
\Field@Width=\dimen165
\Fld@charsize=\dimen166
Package hyperref Info: Hyper figures OFF on input line 6369.
Package hyperref Info: Link nesting OFF on input line 6374.
Package hyperref Info: Hyper index ON on input line 6377.
Package hyperref Info: backreferencing OFF on input line 6384.
Package hyperref Info: Link coloring OFF on input line 6389.
Package hyperref Info: Link coloring with OCG OFF on input line 6394.
Package hyperref Info: PDF/A mode OFF on input line 6399.
LaTeX Info: Redefining \ref on input line 6439.
LaTeX Info: Redefining \pageref on input line 6443.
\Hy@abspage=\count125


Package hyperref Message: Stopped early.

)
Package hyperref Info: Driver (autodetected): hpdftex.
 (d:/thinkPad/texlive/2018/texmf-dist/tex/latex/hyperref/hpdftex.def
File: hpdftex.def 2018/02/06 v6.86b Hyperref driver for pdfTeX
\Fld@listcount=\count126
\c@bookmark@seq@number=\count127

(d:/thinkPad/texlive/2018/texmf-dist/tex/latex/oberdiek/rerunfilecheck.sty
Package: rerunfilecheck 2016/05/16 v1.8 Rerun checks for auxiliary files (HO)
Package uniquecounter Info: New unique counter `rerunfilecheck' on input line 2
82.
))
(d:/thinkPad/texlive/2018/texmf-dist/tex/latex/beamer/beamerbaserequires.sty
(d:/thinkPad/texlive/2018/texmf-dist/tex/latex/beamer/beamerbasecompatibility.s
ty) (d:/thinkPad/texlive/2018/texmf-dist/tex/latex/beamer/beamerbasefont.sty
(d:/thinkPad/texlive/2018/texmf-dist/tex/latex/amsfonts/amssymb.sty
Package: amssymb 2013/01/14 v3.01 AMS font symbols

(d:/thinkPad/texlive/2018/texmf-dist/tex/latex/amsfonts/amsfonts.sty
Package: amsfonts 2013/01/14 v3.01 Basic AMSFonts support
\@emptytoks=\toks26
\symAMSa=\mathgroup4
\symAMSb=\mathgroup5
LaTeX Font Info:    Overwriting math alphabet `\mathfrak' in version `bold'
(Font)                  U/euf/m/n --> U/euf/b/n on input line 106.
))
(d:/thinkPad/texlive/2018/texmf-dist/tex/latex/sansmathaccent/sansmathaccent.st
y
Package: sansmathaccent 2013/03/28
 (d:/thinkPad/texlive/2018/texmf-dist/tex/latex/filehook/filehook.sty
Package: filehook 2011/10/12 v0.5d Hooks for input files
)))
(d:/thinkPad/texlive/2018/texmf-dist/tex/latex/beamer/beamerbasetranslator.sty
(d:/thinkPad/texlive/2018/texmf-dist/tex/latex/translator/translator.sty
Package: translator 2018/01/04 v1.12 Easy translation of strings in LaTeX
))
(d:/thinkPad/texlive/2018/texmf-dist/tex/latex/beamer/beamerbasemisc.sty)
(d:/thinkPad/texlive/2018/texmf-dist/tex/latex/beamer/beamerbasetwoscreens.sty)
(d:/thinkPad/texlive/2018/texmf-dist/tex/latex/beamer/beamerbaseoverlay.sty
\beamer@argscount=\count128
\beamer@lastskipcover=\skip44
\beamer@trivlistdepth=\count129
)
(d:/thinkPad/texlive/2018/texmf-dist/tex/latex/beamer/beamerbasetitle.sty)
(d:/thinkPad/texlive/2018/texmf-dist/tex/latex/beamer/beamerbasesection.sty
\c@lecture=\count130
\c@part=\count131
\c@section=\count132
\c@subsection=\count133
\c@subsubsection=\count134
)
(d:/thinkPad/texlive/2018/texmf-dist/tex/latex/beamer/beamerbaseframe.sty
\beamer@framebox=\box40
\beamer@frametitlebox=\box41
\beamer@zoombox=\box42
\beamer@zoomcount=\count135
\beamer@zoomframecount=\count136
\beamer@frametextheight=\dimen167
\c@subsectionslide=\count137
\beamer@frametopskip=\skip45
\beamer@framebottomskip=\skip46
\beamer@frametopskipautobreak=\skip47
\beamer@framebottomskipautobreak=\skip48
\beamer@envbody=\toks27
\framewidth=\dimen168
\c@framenumber=\count138
)
(d:/thinkPad/texlive/2018/texmf-dist/tex/latex/beamer/beamerbaseverbatim.sty
\beamer@verbatimfileout=\write4
)
(d:/thinkPad/texlive/2018/texmf-dist/tex/latex/beamer/beamerbaseframesize.sty
\beamer@splitbox=\box43
\beamer@autobreakcount=\count139
\beamer@autobreaklastheight=\dimen169
\beamer@frametitletoks=\toks28
\beamer@framesubtitletoks=\toks29
)
(d:/thinkPad/texlive/2018/texmf-dist/tex/latex/beamer/beamerbaseframecomponents
.sty
\beamer@footins=\box44
) (d:/thinkPad/texlive/2018/texmf-dist/tex/latex/beamer/beamerbasecolor.sty
\beamer@bg@ht=\dimen170
\beamer@bg@wd=\dimen171
\beamer@bg@dp=\dimen172
) (d:/thinkPad/texlive/2018/texmf-dist/tex/latex/beamer/beamerbasenotes.sty
\beamer@frameboxcopy=\box45
)
(d:/thinkPad/texlive/2018/texmf-dist/tex/latex/beamer/beamerbasetoc.sty)
(d:/thinkPad/texlive/2018/texmf-dist/tex/latex/beamer/beamerbasetemplates.sty
\beamer@sbttoks=\toks30

(d:/thinkPad/texlive/2018/texmf-dist/tex/latex/beamer/beamerbaseauxtemplates.st
y (d:/thinkPad/texlive/2018/texmf-dist/tex/latex/beamer/beamerbaseboxes.sty
\bmb@box=\box46
\bmb@colorbox=\box47
\bmb@boxshadow=\box48
\bmb@boxshadowball=\box49
\bmb@boxshadowballlarge=\box50
\bmb@temp=\dimen173
\bmb@dima=\dimen174
\bmb@dimb=\dimen175
\bmb@prevheight=\dimen176
)
\beamer@blockheadheight=\dimen177
))
(d:/thinkPad/texlive/2018/texmf-dist/tex/latex/beamer/beamerbaselocalstructure.
sty (d:/thinkPad/texlive/2018/texmf-dist/tex/latex/tools/enumerate.sty
Package: enumerate 2015/07/23 v3.00 enumerate extensions (DPC)
\@enLab=\toks31
)
\c@figure=\count140
\c@table=\count141
\abovecaptionskip=\skip49
\belowcaptionskip=\skip50
)
(d:/thinkPad/texlive/2018/texmf-dist/tex/latex/beamer/beamerbasenavigation.sty
\beamer@section@min@dim=\dimen178
) (d:/thinkPad/texlive/2018/texmf-dist/tex/latex/beamer/beamerbasetheorems.sty
(d:/thinkPad/texlive/2018/texmf-dist/tex/latex/amsmath/amsmath.sty
Package: amsmath 2017/09/02 v2.17a AMS math features
\@mathmargin=\skip51

For additional information on amsmath, use the `?' option.
(d:/thinkPad/texlive/2018/texmf-dist/tex/latex/amsmath/amstext.sty
Package: amstext 2000/06/29 v2.01 AMS text

(d:/thinkPad/texlive/2018/texmf-dist/tex/latex/amsmath/amsgen.sty
File: amsgen.sty 1999/11/30 v2.0 generic functions
\@emptytoks=\toks32
\ex@=\dimen179
))
(d:/thinkPad/texlive/2018/texmf-dist/tex/latex/amsmath/amsbsy.sty
Package: amsbsy 1999/11/29 v1.2d Bold Symbols
\pmbraise@=\dimen180
)
(d:/thinkPad/texlive/2018/texmf-dist/tex/latex/amsmath/amsopn.sty
Package: amsopn 2016/03/08 v2.02 operator names
)
\inf@bad=\count142
LaTeX Info: Redefining \frac on input line 213.
\uproot@=\count143
\leftroot@=\count144
LaTeX Info: Redefining \overline on input line 375.
\classnum@=\count145
\DOTSCASE@=\count146
LaTeX Info: Redefining \ldots on input line 472.
LaTeX Info: Redefining \dots on input line 475.
LaTeX Info: Redefining \cdots on input line 596.
\Mathstrutbox@=\box51
\strutbox@=\box52
\big@size=\dimen181
LaTeX Font Info:    Redeclaring font encoding OML on input line 712.
LaTeX Font Info:    Redeclaring font encoding OMS on input line 713.
\macc@depth=\count147
\c@MaxMatrixCols=\count148
\dotsspace@=\muskip11
\c@parentequation=\count149
\dspbrk@lvl=\count150
\tag@help=\toks33
\row@=\count151
\column@=\count152
\maxfields@=\count153
\andhelp@=\toks34
\eqnshift@=\dimen182
\alignsep@=\dimen183
\tagshift@=\dimen184
\tagwidth@=\dimen185
\totwidth@=\dimen186
\lineht@=\dimen187
\@envbody=\toks35
\multlinegap=\skip52
\multlinetaggap=\skip53
\mathdisplay@stack=\toks36
LaTeX Info: Redefining \[ on input line 2817.
LaTeX Info: Redefining \] on input line 2818.
)
(d:/thinkPad/texlive/2018/texmf-dist/tex/latex/amscls/amsthm.sty
Package: amsthm 2017/10/31 v2.20.4
\thm@style=\toks37
\thm@bodyfont=\toks38
\thm@headfont=\toks39
\thm@notefont=\toks40
\thm@headpunct=\toks41
\thm@preskip=\skip54
\thm@postskip=\skip55
\thm@headsep=\skip56
\dth@everypar=\toks42
)
\c@theorem=\count154
)
(d:/thinkPad/texlive/2018/texmf-dist/tex/latex/beamer/beamerbasethemes.sty))
(d:/thinkPad/texlive/2018/texmf-dist/tex/latex/beamer/beamerthemedefault.sty
(d:/thinkPad/texlive/2018/texmf-dist/tex/latex/beamer/beamerfontthemedefault.st
y)
(d:/thinkPad/texlive/2018/texmf-dist/tex/latex/beamer/beamercolorthemedefault.s
ty)
(d:/thinkPad/texlive/2018/texmf-dist/tex/latex/beamer/beamerinnerthemedefault.s
ty
\beamer@dima=\dimen188
\beamer@dimb=\dimen189
)
(d:/thinkPad/texlive/2018/texmf-dist/tex/latex/beamer/beamerouterthemedefault.s
ty))) (./beamerthemeKTHprofile.sty
(d:/thinkPad/texlive/2018/texmf-dist/tex/latex/pgf/frontendlayer/tikz.sty
(d:/thinkPad/texlive/2018/texmf-dist/tex/latex/pgf/basiclayer/pgf.sty
Package: pgf 2015/08/07 v3.0.1a (rcs-revision 1.15)

(d:/thinkPad/texlive/2018/texmf-dist/tex/generic/pgf/modules/pgfmoduleshapes.co
de.tex
File: pgfmoduleshapes.code.tex 2014/03/21  (rcs-revision 1.35)
\pgfnodeparttextbox=\box53
)
(d:/thinkPad/texlive/2018/texmf-dist/tex/generic/pgf/modules/pgfmoduleplot.code
.tex
File: pgfmoduleplot.code.tex 2015/08/03  (rcs-revision 1.13)
)
(d:/thinkPad/texlive/2018/texmf-dist/tex/latex/pgf/compatibility/pgfcomp-versio
n-0-65.sty
Package: pgfcomp-version-0-65 2007/07/03 v3.0.1a (rcs-revision 1.7)
\pgf@nodesepstart=\dimen190
\pgf@nodesepend=\dimen191
)
(d:/thinkPad/texlive/2018/texmf-dist/tex/latex/pgf/compatibility/pgfcomp-versio
n-1-18.sty
Package: pgfcomp-version-1-18 2007/07/23 v3.0.1a (rcs-revision 1.1)
))
(d:/thinkPad/texlive/2018/texmf-dist/tex/latex/pgf/utilities/pgffor.sty
(d:/thinkPad/texlive/2018/texmf-dist/tex/latex/pgf/utilities/pgfkeys.sty
(d:/thinkPad/texlive/2018/texmf-dist/tex/generic/pgf/utilities/pgfkeys.code.tex
)) (d:/thinkPad/texlive/2018/texmf-dist/tex/latex/pgf/math/pgfmath.sty
(d:/thinkPad/texlive/2018/texmf-dist/tex/generic/pgf/math/pgfmath.code.tex))
(d:/thinkPad/texlive/2018/texmf-dist/tex/generic/pgf/utilities/pgffor.code.tex
Package: pgffor 2013/12/13 v3.0.1a (rcs-revision 1.25)

(d:/thinkPad/texlive/2018/texmf-dist/tex/generic/pgf/math/pgfmath.code.tex)
\pgffor@iter=\dimen192
\pgffor@skip=\dimen193
\pgffor@stack=\toks43
\pgffor@toks=\toks44
))
(d:/thinkPad/texlive/2018/texmf-dist/tex/generic/pgf/frontendlayer/tikz/tikz.co
de.tex
Package: tikz 2015/08/07 v3.0.1a (rcs-revision 1.151)

(d:/thinkPad/texlive/2018/texmf-dist/tex/generic/pgf/libraries/pgflibraryplotha
ndlers.code.tex
File: pgflibraryplothandlers.code.tex 2013/08/31 v3.0.1a (rcs-revision 1.20)
\pgf@plot@mark@count=\count155
\pgfplotmarksize=\dimen194
)
\tikz@lastx=\dimen195
\tikz@lasty=\dimen196
\tikz@lastxsaved=\dimen197
\tikz@lastysaved=\dimen198
\tikzleveldistance=\dimen199
\tikzsiblingdistance=\dimen256
\tikz@figbox=\box54
\tikz@figbox@bg=\box55
\tikz@tempbox=\box56
\tikz@tempbox@bg=\box57
\tikztreelevel=\count156
\tikznumberofchildren=\count157
\tikznumberofcurrentchild=\count158
\tikz@fig@count=\count159

(d:/thinkPad/texlive/2018/texmf-dist/tex/generic/pgf/modules/pgfmodulematrix.co
de.tex
File: pgfmodulematrix.code.tex 2013/09/17  (rcs-revision 1.8)
\pgfmatrixcurrentrow=\count160
\pgfmatrixcurrentcolumn=\count161
\pgf@matrix@numberofcolumns=\count162
)
\tikz@expandcount=\count163

(d:/thinkPad/texlive/2018/texmf-dist/tex/generic/pgf/frontendlayer/tikz/librari
es/tikzlibrarytopaths.code.tex
File: tikzlibrarytopaths.code.tex 2008/06/17 v3.0.1a (rcs-revision 1.2)
)))
(d:/thinkPad/texlive/2018/texmf-dist/tex/latex/setspace/setspace.sty
Package: setspace 2011/12/19 v6.7a set line spacing
)
(d:/thinkPad/texlive/2018/texmf-dist/tex/latex/pbox/pbox.sty
Package: pbox 2011/12/07 v1.2 Dynamic parboxes

(d:/thinkPad/texlive/2018/texmf-dist/tex/latex/tools/calc.sty
Package: calc 2017/05/25 v4.3 Infix arithmetic (KKT,FJ)
\calc@Acount=\count164
\calc@Bcount=\count165
\calc@Adimen=\dimen257
\calc@Bdimen=\dimen258
\calc@Askip=\skip57
\calc@Bskip=\skip58
LaTeX Info: Redefining \setlength on input line 80.
LaTeX Info: Redefining \addtolength on input line 81.
\calc@Ccount=\count166
\calc@Cskip=\skip59
)
(d:/thinkPad/texlive/2018/texmf-dist/tex/latex/base/ifthen.sty
Package: ifthen 2014/09/29 v1.1c Standard LaTeX ifthen package (DPC)
)
\pb@xlen=\skip60
)
(d:/thinkPad/texlive/2018/texmf-dist/tex/latex/endnotes/endnotes.sty
\c@endnote=\count167
\endnotesep=\dimen259
\@enotes=\write5
)
(d:/thinkPad/texlive/2018/texmf-dist/tex/latex/tools/tabularx.sty
Package: tabularx 2016/02/03 v2.11b `tabularx' package (DPC)

(d:/thinkPad/texlive/2018/texmf-dist/tex/latex/tools/array.sty
Package: array 2018/04/07 v2.4g Tabular extension package (FMi)
\col@sep=\dimen260
\ar@mcellbox=\box58
\extrarowheight=\dimen261
\NC@list=\toks45
\extratabsurround=\skip61
\backup@length=\skip62
\ar@cellbox=\box59
)
\TX@col@width=\dimen262
\TX@old@table=\dimen263
\TX@old@col=\dimen264
\TX@target=\dimen265
\TX@delta=\dimen266
\TX@cols=\count168
\TX@ftn=\toks46
)
(./beamerinnerthemeKTHprofile.sty
(d:/thinkPad/texlive/2018/texmf-dist/tex/latex/textpos/textpos.sty
Package: textpos 2016/06/07 v1.8

Package: textpos 2016/06/07 1.8, absolute positioning of text on the page
\TP@textbox=\box60
\TP@holdbox=\box61
\TPHorizModule=\dimen267
\TPVertModule=\dimen268
\TP@margin=\dimen269
\TP@absmargin=\dimen270
Grid set 16 x 16 = 22.7622pt x 17.07166pt
\TPboxrulesize=\dimen271
\TP@ox=\dimen272
\TP@oy=\dimen273
\TP@tbargs=\toks47
\TP@prevdepth=\dimen274
TextBlockOrigin set to 0pt x 0pt
)) (./beamercolorthemeKTHprofile.sty))
(d:/thinkPad/texlive/2018/texmf-dist/tex/latex/beamer/beamerfontthemestructureb
old.sty) (d:/thinkPad/texlive/2018/texmf-dist/tex/generic/babel/babel.sty
Package: babel 2018/02/14 3.18 The Babel package

(d:/thinkPad/texlive/2018/texmf-dist/tex/generic/babel/switch.def
File: switch.def 2018/02/14 3.18 Babel switching mechanism
)
(d:/thinkPad/texlive/2018/texmf-dist/tex/generic/babel-english/english.ldf
Language: english 2017/06/06 v3.3r English support from the babel system

(d:/thinkPad/texlive/2018/texmf-dist/tex/generic/babel/babel.def
File: babel.def 2018/02/14 3.18 Babel common definitions
\babel@savecnt=\count169
\U@D=\dimen275

(d:/thinkPad/texlive/2018/texmf-dist/tex/generic/babel/txtbabel.def)
LaTeX Info: Redefining \textlatin on input line 1839.
\bbl@dirlevel=\count170
)
\l@canadian = a dialect from \language\l@american 
\l@australian = a dialect from \language\l@british 
\l@newzealand = a dialect from \language\l@british 
))
(d:/thinkPad/texlive/2018/texmf-dist/tex/latex/psnfss/times.sty
Package: times 2005/04/12 PSNFSS-v9.2a (SPQR) 
)
(d:/thinkPad/texlive/2018/texmf-dist/tex/latex/base/fontenc.sty
Package: fontenc 2017/04/05 v2.0i Standard LaTeX package

(d:/thinkPad/texlive/2018/texmf-dist/tex/latex/base/t1enc.def
File: t1enc.def 2017/04/05 v2.0i Standard LaTeX file
LaTeX Font Info:    Redeclaring font encoding T1 on input line 48.
))
(d:/thinkPad/texlive/2018/texmf-dist/tex/latex/lipsum/lipsum.sty
Package: lipsum 2014/07/27 v1.3 150 paragraphs of Lorem Ipsum dummy text
\c@lips@count=\count171
)
(./KTHPresentation.aux)
\openout1 = `KTHPresentation.aux'.

LaTeX Font Info:    Checking defaults for OML/cmm/m/it on input line 52.
LaTeX Font Info:    ... okay on input line 52.
LaTeX Font Info:    Checking defaults for T1/cmr/m/n on input line 52.
LaTeX Font Info:    ... okay on input line 52.
LaTeX Font Info:    Checking defaults for OT1/cmr/m/n on input line 52.
LaTeX Font Info:    ... okay on input line 52.
LaTeX Font Info:    Checking defaults for OMS/cmsy/m/n on input line 52.
LaTeX Font Info:    ... okay on input line 52.
LaTeX Font Info:    Checking defaults for OMX/cmex/m/n on input line 52.
LaTeX Font Info:    ... okay on input line 52.
LaTeX Font Info:    Checking defaults for U/cmr/m/n on input line 52.
LaTeX Font Info:    ... okay on input line 52.
LaTeX Font Info:    Checking defaults for PD1/pdf/m/n on input line 52.
LaTeX Font Info:    ... okay on input line 52.
LaTeX Font Info:    Try loading font information for T1+phv on input line 52.

(d:/thinkPad/texlive/2018/texmf-dist/tex/latex/psnfss/t1phv.fd
File: t1phv.fd 2001/06/04 scalable font definitions for T1/phv.
)
*geometry* driver: auto-detecting
*geometry* detected driver: pdftex
*geometry* verbose mode - [ preamble ] result:
* driver: pdftex
* paper: custom
* layout: <same size as paper>
* layoutoffset:(h,v)=(0.0pt,0.0pt)
* modes: includehead includefoot 
* h-part:(L,W,R)=(51.09985pt, 284.64276pt, 28.45274pt)
* v-part:(T,H,B)=(0.0pt, 273.14662pt, 0.0pt)
* \paperwidth=364.19536pt
* \paperheight=273.14662pt
* \textwidth=284.64276pt
* \textheight=244.6939pt
* \oddsidemargin=-21.17014pt
* \evensidemargin=-21.17014pt
* \topmargin=-72.26999pt
* \headheight=14.22636pt
* \headsep=0.0pt
* \topskip=11.0pt
* \footskip=14.22636pt
* \marginparwidth=4.0pt
* \marginparsep=10.0pt
* \columnsep=10.0pt
* \skip\footins=10.0pt plus 4.0pt minus 2.0pt
* \hoffset=0.0pt
* \voffset=0.0pt
* \mag=1000
* \@twocolumnfalse
* \@twosidefalse
* \@mparswitchfalse
* \@reversemarginfalse
* (1in=72.27pt=25.4mm, 1cm=28.453pt)

(d:/thinkPad/texlive/2018/texmf-dist/tex/context/base/mkii/supp-pdf.mkii
[Loading MPS to PDF converter (version 2006.09.02).]
\scratchcounter=\count172
\scratchdimen=\dimen276
\scratchbox=\box62
\nofMPsegments=\count173
\nofMParguments=\count174
\everyMPshowfont=\toks48
\MPscratchCnt=\count175
\MPscratchDim=\dimen277
\MPnumerator=\count176
\makeMPintoPDFobject=\count177
\everyMPtoPDFconversion=\toks49
) (d:/thinkPad/texlive/2018/texmf-dist/tex/latex/oberdiek/epstopdf-base.sty
Package: epstopdf-base 2016/05/15 v2.6 Base part for package epstopdf

(d:/thinkPad/texlive/2018/texmf-dist/tex/latex/oberdiek/grfext.sty
Package: grfext 2016/05/16 v1.2 Manage graphics extensions (HO)
)
Package epstopdf-base Info: Redefining graphics rule for `.eps' on input line 4
38.
Package grfext Info: Graphics extension search list:
(grfext)             [.pdf,.png,.jpg,.mps,.jpeg,.jbig2,.jb2,.PDF,.PNG,.JPG,.JPE
G,.JBIG2,.JB2,.eps]
(grfext)             \AppendGraphicsExtensions on input line 456.

(d:/thinkPad/texlive/2018/texmf-dist/tex/latex/latexconfig/epstopdf-sys.cfg
File: epstopdf-sys.cfg 2010/07/13 v1.3 Configuration of (r)epstopdf for TeX Liv
e
))
ABD: EveryShipout initializing macros
\AtBeginShipoutBox=\box63
Package hyperref Info: Link coloring OFF on input line 52.

(d:/thinkPad/texlive/2018/texmf-dist/tex/latex/hyperref/nameref.sty
Package: nameref 2016/05/21 v2.44 Cross-referencing by name of section

(d:/thinkPad/texlive/2018/texmf-dist/tex/generic/oberdiek/gettitlestring.sty
Package: gettitlestring 2016/05/16 v1.5 Cleanup title references (HO)
)
\c@section@level=\count178
)
LaTeX Info: Redefining \ref on input line 52.
LaTeX Info: Redefining \pageref on input line 52.
LaTeX Info: Redefining \nameref on input line 52.

(./KTHPresentation.out) (./KTHPresentation.out)
\@outlinefile=\write6
\openout6 = `KTHPresentation.out'.

LaTeX Font Info:    Overwriting symbol font `operators' in version `normal'
(Font)                  OT1/cmr/m/n --> OT1/cmss/m/n on input line 52.
LaTeX Font Info:    Overwriting symbol font `operators' in version `bold'
(Font)                  OT1/cmr/bx/n --> OT1/cmss/bx/n on input line 52.
\symnumbers=\mathgroup6
\sympureletters=\mathgroup7
LaTeX Font Info:    Overwriting math alphabet `\mathrm' in version `normal'
(Font)                  OT1/cmss/m/n --> T1/ptm/m/n on input line 52.
LaTeX Font Info:    Redeclaring math alphabet \mathbf on input line 52.
LaTeX Font Info:    Overwriting math alphabet `\mathbf' in version `normal'
(Font)                  OT1/cmr/bx/n --> T1/phv/bx/n on input line 52.
LaTeX Font Info:    Overwriting math alphabet `\mathbf' in version `bold'
(Font)                  OT1/cmr/bx/n --> T1/phv/bx/n on input line 52.
LaTeX Font Info:    Redeclaring math alphabet \mathsf on input line 52.
LaTeX Font Info:    Overwriting math alphabet `\mathsf' in version `normal'
(Font)                  OT1/cmss/m/n --> T1/phv/m/n on input line 52.
LaTeX Font Info:    Overwriting math alphabet `\mathsf' in version `bold'
(Font)                  OT1/cmss/bx/n --> T1/phv/m/n on input line 52.
LaTeX Font Info:    Redeclaring math alphabet \mathit on input line 52.
LaTeX Font Info:    Overwriting math alphabet `\mathit' in version `normal'
(Font)                  OT1/cmr/m/it --> T1/phv/m/it on input line 52.
LaTeX Font Info:    Overwriting math alphabet `\mathit' in version `bold'
(Font)                  OT1/cmr/bx/it --> T1/phv/m/it on input line 52.
LaTeX Font Info:    Redeclaring math alphabet \mathtt on input line 52.
LaTeX Font Info:    Overwriting math alphabet `\mathtt' in version `normal'
(Font)                  OT1/cmtt/m/n --> T1/pcr/m/n on input line 52.
LaTeX Font Info:    Overwriting math alphabet `\mathtt' in version `bold'
(Font)                  OT1/cmtt/m/n --> T1/pcr/m/n on input line 52.
LaTeX Font Info:    Overwriting symbol font `numbers' in version `bold'
(Font)                  T1/phv/m/n --> T1/phv/bx/n on input line 52.
LaTeX Font Info:    Overwriting symbol font `pureletters' in version `bold'
(Font)                  T1/phv/m/it --> T1/phv/bx/it on input line 52.
LaTeX Font Info:    Overwriting math alphabet `\mathrm' in version `bold'
(Font)                  OT1/cmss/bx/n --> T1/ptm/bx/n on input line 52.
LaTeX Font Info:    Overwriting math alphabet `\mathbf' in version `bold'
(Font)                  T1/phv/bx/n --> T1/phv/bx/n on input line 52.
LaTeX Font Info:    Overwriting math alphabet `\mathsf' in version `bold'
(Font)                  T1/phv/m/n --> T1/phv/bx/n on input line 52.
LaTeX Font Info:    Overwriting math alphabet `\mathit' in version `bold'
(Font)                  T1/phv/m/it --> T1/phv/bx/it on input line 52.
LaTeX Font Info:    Overwriting math alphabet `\mathtt' in version `bold'
(Font)                  T1/pcr/m/n --> T1/pcr/bx/n on input line 52.

(d:/thinkPad/texlive/2018/texmf-dist/tex/latex/translator/translator-basic-dict
ionary-English.dict
Dictionary: translator-basic-dictionary, Language: English 
)
(d:/thinkPad/texlive/2018/texmf-dist/tex/latex/translator/translator-bibliograp
hy-dictionary-English.dict
Dictionary: translator-bibliography-dictionary, Language: English 
)
(d:/thinkPad/texlive/2018/texmf-dist/tex/latex/translator/translator-environmen
t-dictionary-English.dict
Dictionary: translator-environment-dictionary, Language: English 
)
(d:/thinkPad/texlive/2018/texmf-dist/tex/latex/translator/translator-months-dic
tionary-English.dict
Dictionary: translator-months-dictionary, Language: English 
)
(d:/thinkPad/texlive/2018/texmf-dist/tex/latex/translator/translator-numbers-di
ctionary-English.dict
Dictionary: translator-numbers-dictionary, Language: English 
)
(d:/thinkPad/texlive/2018/texmf-dist/tex/latex/translator/translator-theorem-di
ctionary-English.dict
Dictionary: translator-theorem-dictionary, Language: English 
) (./KTHPresentation.nav)
Package epstopdf Info: Source file: <KTHfooterlines_CMYK.eps>
(epstopdf)                    date: 2018-09-15 15:04:54
(epstopdf)                    size: 1836430 bytes
(epstopdf)             Output file: <KTHfooterlines_CMYK-eps-converted-to.pdf>
(epstopdf)                    date: 2018-09-15 15:04:54
(epstopdf)                    size: 12325 bytes
(epstopdf)             Command: <repstopdf --outfile=KTHfooterlines_CMYK-eps-co
nverted-to.pdf KTHfooterlines_CMYK.eps>
(epstopdf)             \includegraphics on input line 52.
Package epstopdf Info: Output file is already uptodate.
<KTHfooterlines_CMYK-eps-converted-to.pdf, id=13, 2127.95pt x 329.23pt>
File: KTHfooterlines_CMYK-eps-converted-to.pdf Graphic file (type pdf)
<use KTHfooterlines_CMYK-eps-converted-to.pdf>
Package pdftex.def Info: KTHfooterlines_CMYK-eps-converted-to.pdf  used on inpu
t line 52.
(pdftex.def)             Requested size: 564.5039pt x 113.03186pt.

Overfull \hbox (200.30855pt too wide) in paragraph at lines 52--52
[][]  
 []

LaTeX Font Info:    Try loading font information for U+msa on input line 52.
(d:/thinkPad/texlive/2018/texmf-dist/tex/latex/amsfonts/umsa.fd
File: umsa.fd 2013/01/14 v3.01 AMS symbols A
)
LaTeX Font Info:    Try loading font information for U+msb on input line 52.

(d:/thinkPad/texlive/2018/texmf-dist/tex/latex/amsfonts/umsb.fd
File: umsb.fd 2013/01/14 v3.01 AMS symbols B
)
LaTeX Font Info:    Font shape `T1/phv/m/it' in size <6> not available
(Font)              Font shape `T1/phv/m/sl' tried instead on input line 52.
LaTeX Font Info:    Font shape `T1/phv/m/it' in size <5> not available
(Font)              Font shape `T1/phv/m/sl' tried instead on input line 52.
Package epstopdf Info: Source file: <kth_cmyk_logo.eps>
(epstopdf)                    date: 2018-09-15 15:04:54
(epstopdf)                    size: 190451 bytes
(epstopdf)             Output file: <kth_cmyk_logo-eps-converted-to.pdf>
(epstopdf)                    date: 2018-09-15 15:04:54
(epstopdf)                    size: 23788 bytes
(epstopdf)             Command: <repstopdf --outfile=kth_cmyk_logo-eps-converte
d-to.pdf kth_cmyk_logo.eps>
(epstopdf)             \includegraphics on input line 52.
Package epstopdf Info: Output file is already uptodate.
<kth_cmyk_logo-eps-converted-to.pdf, id=14, 370.38374pt x 370.38374pt>
File: kth_cmyk_logo-eps-converted-to.pdf Graphic file (type pdf)
<use kth_cmyk_logo-eps-converted-to.pdf>
Package pdftex.def Info: kth_cmyk_logo-eps-converted-to.pdf  used on input line
 52.
(pdftex.def)             Requested size: 31.29802pt x 31.29286pt.
LaTeX Font Info:    Font shape `T1/phv/bx/n' in size <6> not available
(Font)              Font shape `T1/phv/b/n' tried instead on input line 52.
LaTeX Font Info:    Font shape `T1/phv/bx/n' in size <5.69054> not available
(Font)              Font shape `T1/phv/b/n' tried instead on input line 52.
LaTeX Font Info:    Font shape `T1/phv/bx/n' in size <10.95> not available
(Font)              Font shape `T1/phv/b/n' tried instead on input line 56.
LaTeX Font Info:    Font shape `T1/phv/bx/n' in size <14.4> not available
(Font)              Font shape `T1/phv/b/n' tried instead on input line 56.

Underfull \hbox (badness 10000) in paragraph at lines 56--56
 []\T1/phv/b/n/14.4 DT2119 Speech and Speaker 
 []

Package epstopdf Info: Source file: <kth_cmyk_logo.eps>
(epstopdf)                    date: 2018-09-15 15:04:54
(epstopdf)                    size: 190451 bytes
(epstopdf)             Output file: <kth_cmyk_logo-eps-converted-to.pdf>
(epstopdf)                    date: 2018-09-15 15:04:54
(epstopdf)                    size: 23788 bytes
(epstopdf)             Command: <repstopdf --outfile=kth_cmyk_logo-eps-converte
d-to.pdf kth_cmyk_logo.eps>
(epstopdf)             \includegraphics on input line 56.
Package epstopdf Info: Output file is already uptodate.
File: kth_cmyk_logo-eps-converted-to.pdf Graphic file (type pdf)
<use kth_cmyk_logo-eps-converted-to.pdf>
Package pdftex.def Info: kth_cmyk_logo-eps-converted-to.pdf  used on input line
 56.
(pdftex.def)             Requested size: 31.29802pt x 31.29286pt.
Package epstopdf Info: Source file: <KTHfooterlines_CMYK.eps>
(epstopdf)                    date: 2018-09-15 15:04:54
(epstopdf)                    size: 1836430 bytes
(epstopdf)             Output file: <KTHfooterlines_CMYK-eps-converted-to.pdf>
(epstopdf)                    date: 2018-09-15 15:04:54
(epstopdf)                    size: 12325 bytes
(epstopdf)             Command: <repstopdf --outfile=KTHfooterlines_CMYK-eps-co
nverted-to.pdf KTHfooterlines_CMYK.eps>
(epstopdf)             \includegraphics on input line 56.
Package epstopdf Info: Output file is already uptodate.
File: KTHfooterlines_CMYK-eps-converted-to.pdf Graphic file (type pdf)
<use KTHfooterlines_CMYK-eps-converted-to.pdf>
Package pdftex.def Info: KTHfooterlines_CMYK-eps-converted-to.pdf  used on inpu
t line 56.
(pdftex.def)             Requested size: 564.5039pt x 113.03186pt.

Overfull \hbox (200.30855pt too wide) has occurred while \output is active
[][]  
 []

[1{d:/thinkPad/texlive/2018/texmf-var/fonts/map/pdftex/updmap/pdftex.map}

 <./kth_cmyk_logo-eps-converted-to.pdf> <./KTHfooterlines_CMYK-eps-converted-to
.pdf>]
<figures/01.png, id=30, 394.47375pt x 264.99pt>
File: figures/01.png Graphic file (type png)
<use figures/01.png>
Package pdftex.def Info: figures/01.png  used on input line 70.
(pdftex.def)             Requested size: 136.6273pt x 91.77747pt.
<figures/02.png, id=32, 379.4175pt x 264.99pt>
File: figures/02.png Graphic file (type png)
<use figures/02.png>
Package pdftex.def Info: figures/02.png  used on input line 70.
(pdftex.def)             Requested size: 136.6273pt x 95.42462pt.
LaTeX Font Info:    Font shape `T1/phv/m/it' in size <10.95> not available
(Font)              Font shape `T1/phv/m/sl' tried instead on input line 70.
LaTeX Font Info:    Font shape `T1/phv/m/it' in size <8> not available
(Font)              Font shape `T1/phv/m/sl' tried instead on input line 70.
LaTeX Font Info:    Font shape `T1/phv/bx/n' in size <9> not available
(Font)              Font shape `T1/phv/b/n' tried instead on input line 70.

Overfull \vbox (53.49234pt too high) detected at line 70
 []

Package epstopdf Info: Source file: <kth_cmyk_logo.eps>
(epstopdf)                    date: 2018-09-15 15:04:54
(epstopdf)                    size: 190451 bytes
(epstopdf)             Output file: <kth_cmyk_logo-eps-converted-to.pdf>
(epstopdf)                    date: 2018-09-15 15:04:54
(epstopdf)                    size: 23788 bytes
(epstopdf)             Command: <repstopdf --outfile=kth_cmyk_logo-eps-converte
d-to.pdf kth_cmyk_logo.eps>
(epstopdf)             \includegraphics on input line 70.
Package epstopdf Info: Output file is already uptodate.
File: kth_cmyk_logo-eps-converted-to.pdf Graphic file (type pdf)
<use kth_cmyk_logo-eps-converted-to.pdf>
Package pdftex.def Info: kth_cmyk_logo-eps-converted-to.pdf  used on input line
 70.
(pdftex.def)             Requested size: 25.60747pt x 25.60736pt.
Package epstopdf Info: Source file: <KTHplatta_CMYK.eps>
(epstopdf)                    date: 2018-09-15 15:04:54
(epstopdf)                    size: 868966 bytes
(epstopdf)             Output file: <KTHplatta_CMYK-eps-converted-to.pdf>
(epstopdf)                    date: 2018-09-15 15:04:54
(epstopdf)                    size: 6147 bytes
(epstopdf)             Command: <repstopdf --outfile=KTHplatta_CMYK-eps-convert
ed-to.pdf KTHplatta_CMYK.eps>
(epstopdf)             \includegraphics on input line 70.
Package epstopdf Info: Output file is already uptodate.
<KTHplatta_CMYK-eps-converted-to.pdf, id=33, 2127.95pt x 104.39pt>
File: KTHplatta_CMYK-eps-converted-to.pdf Graphic file (type pdf)
<use KTHplatta_CMYK-eps-converted-to.pdf>
Package pdftex.def Info: KTHplatta_CMYK-eps-converted-to.pdf  used on input lin
e 70.
(pdftex.def)             Requested size: 546.29303pt x 31.88792pt.

Overfull \hbox (327.7736pt too wide) has occurred while \output is active
[][]  
 []

[2

 <./figures/01.png> <./figures/02.png> <./KTHplatta_CMYK-eps-converted-to.pdf>]
<figures/03.png, id=46, 379.4175pt x 264.99pt>
File: figures/03.png Graphic file (type png)
<use figures/03.png>
Package pdftex.def Info: figures/03.png  used on input line 82.
(pdftex.def)             Requested size: 170.78738pt x 119.28078pt.

Overfull \vbox (80.54907pt too high) detected at line 82
 []

Package epstopdf Info: Source file: <kth_cmyk_logo.eps>
(epstopdf)                    date: 2018-09-15 15:04:54
(epstopdf)                    size: 190451 bytes
(epstopdf)             Output file: <kth_cmyk_logo-eps-converted-to.pdf>
(epstopdf)                    date: 2018-09-15 15:04:54
(epstopdf)                    size: 23788 bytes
(epstopdf)             Command: <repstopdf --outfile=kth_cmyk_logo-eps-converte
d-to.pdf kth_cmyk_logo.eps>
(epstopdf)             \includegraphics on input line 82.
Package epstopdf Info: Output file is already uptodate.
File: kth_cmyk_logo-eps-converted-to.pdf Graphic file (type pdf)
<use kth_cmyk_logo-eps-converted-to.pdf>
Package pdftex.def Info: kth_cmyk_logo-eps-converted-to.pdf  used on input line
 82.
(pdftex.def)             Requested size: 25.60747pt x 25.60736pt.
Package epstopdf Info: Source file: <KTHplatta_CMYK.eps>
(epstopdf)                    date: 2018-09-15 15:04:54
(epstopdf)                    size: 868966 bytes
(epstopdf)             Output file: <KTHplatta_CMYK-eps-converted-to.pdf>
(epstopdf)                    date: 2018-09-15 15:04:54
(epstopdf)                    size: 6147 bytes
(epstopdf)             Command: <repstopdf --outfile=KTHplatta_CMYK-eps-convert
ed-to.pdf KTHplatta_CMYK.eps>
(epstopdf)             \includegraphics on input line 82.
Package epstopdf Info: Output file is already uptodate.
File: KTHplatta_CMYK-eps-converted-to.pdf Graphic file (type pdf)
<use KTHplatta_CMYK-eps-converted-to.pdf>
Package pdftex.def Info: KTHplatta_CMYK-eps-converted-to.pdf  used on input lin
e 82.
(pdftex.def)             Requested size: 546.29303pt x 31.88792pt.

Overfull \hbox (327.7736pt too wide) has occurred while \output is active
[][]  
 []

[3

 <./figures/03.png>]
<figures/03_1.png, id=58, 376.40625pt x 264.99pt>
File: figures/03_1.png Graphic file (type png)
<use figures/03_1.png>
Package pdftex.def Info: figures/03_1.png  used on input line 102.
(pdftex.def)             Requested size: 136.6273pt x 96.18883pt.
<figures/04.png, id=59, 379.4175pt x 264.99pt>
File: figures/04.png Graphic file (type png)
<use figures/04.png>
Package pdftex.def Info: figures/04.png  used on input line 102.
(pdftex.def)             Requested size: 136.6273pt x 95.42462pt.

Overfull \vbox (58.07066pt too high) detected at line 102
 []

Package epstopdf Info: Source file: <kth_cmyk_logo.eps>
(epstopdf)                    date: 2018-09-15 15:04:54
(epstopdf)                    size: 190451 bytes
(epstopdf)             Output file: <kth_cmyk_logo-eps-converted-to.pdf>
(epstopdf)                    date: 2018-09-15 15:04:54
(epstopdf)                    size: 23788 bytes
(epstopdf)             Command: <repstopdf --outfile=kth_cmyk_logo-eps-converte
d-to.pdf kth_cmyk_logo.eps>
(epstopdf)             \includegraphics on input line 102.
Package epstopdf Info: Output file is already uptodate.
File: kth_cmyk_logo-eps-converted-to.pdf Graphic file (type pdf)
<use kth_cmyk_logo-eps-converted-to.pdf>
Package pdftex.def Info: kth_cmyk_logo-eps-converted-to.pdf  used on input line
 102.
(pdftex.def)             Requested size: 25.60747pt x 25.60736pt.
Package epstopdf Info: Source file: <KTHplatta_CMYK.eps>
(epstopdf)                    date: 2018-09-15 15:04:54
(epstopdf)                    size: 868966 bytes
(epstopdf)             Output file: <KTHplatta_CMYK-eps-converted-to.pdf>
(epstopdf)                    date: 2018-09-15 15:04:54
(epstopdf)                    size: 6147 bytes
(epstopdf)             Command: <repstopdf --outfile=KTHplatta_CMYK-eps-convert
ed-to.pdf KTHplatta_CMYK.eps>
(epstopdf)             \includegraphics on input line 102.
Package epstopdf Info: Output file is already uptodate.
File: KTHplatta_CMYK-eps-converted-to.pdf Graphic file (type pdf)
<use KTHplatta_CMYK-eps-converted-to.pdf>
Package pdftex.def Info: KTHplatta_CMYK-eps-converted-to.pdf  used on input lin
e 102.
(pdftex.def)             Requested size: 546.29303pt x 31.88792pt.

Overfull \hbox (327.7736pt too wide) has occurred while \output is active
[][]  
 []

[4

 <./figures/03_1.png> <./figures/04.png>]
<figures/05.png, id=68, 373.395pt x 264.99pt>
File: figures/05.png Graphic file (type png)
<use figures/05.png>
Package pdftex.def Info: figures/05.png  used on input line 113.
(pdftex.def)             Requested size: 199.24905pt x 141.40231pt.

Overfull \vbox (73.8786pt too high) detected at line 113
 []

Package epstopdf Info: Source file: <kth_cmyk_logo.eps>
(epstopdf)                    date: 2018-09-15 15:04:54
(epstopdf)                    size: 190451 bytes
(epstopdf)             Output file: <kth_cmyk_logo-eps-converted-to.pdf>
(epstopdf)                    date: 2018-09-15 15:04:54
(epstopdf)                    size: 23788 bytes
(epstopdf)             Command: <repstopdf --outfile=kth_cmyk_logo-eps-converte
d-to.pdf kth_cmyk_logo.eps>
(epstopdf)             \includegraphics on input line 113.
Package epstopdf Info: Output file is already uptodate.
File: kth_cmyk_logo-eps-converted-to.pdf Graphic file (type pdf)
<use kth_cmyk_logo-eps-converted-to.pdf>
Package pdftex.def Info: kth_cmyk_logo-eps-converted-to.pdf  used on input line
 113.
(pdftex.def)             Requested size: 25.60747pt x 25.60736pt.
Package epstopdf Info: Source file: <KTHplatta_CMYK.eps>
(epstopdf)                    date: 2018-09-15 15:04:54
(epstopdf)                    size: 868966 bytes
(epstopdf)             Output file: <KTHplatta_CMYK-eps-converted-to.pdf>
(epstopdf)                    date: 2018-09-15 15:04:54
(epstopdf)                    size: 6147 bytes
(epstopdf)             Command: <repstopdf --outfile=KTHplatta_CMYK-eps-convert
ed-to.pdf KTHplatta_CMYK.eps>
(epstopdf)             \includegraphics on input line 113.
Package epstopdf Info: Output file is already uptodate.
File: KTHplatta_CMYK-eps-converted-to.pdf Graphic file (type pdf)
<use KTHplatta_CMYK-eps-converted-to.pdf>
Package pdftex.def Info: KTHplatta_CMYK-eps-converted-to.pdf  used on input lin
e 113.
(pdftex.def)             Requested size: 546.29303pt x 31.88792pt.

Overfull \hbox (327.7736pt too wide) has occurred while \output is active
[][]  
 []

[5

 <./figures/05.png>]
<figures/06.png, id=75, 389.455pt x 264.99pt>
File: figures/06.png Graphic file (type png)
<use figures/06.png>
Package pdftex.def Info: figures/06.png  used on input line 127.
(pdftex.def)             Requested size: 136.6273pt x 92.96219pt.
<figures/07.png, id=76, 376.40625pt x 264.99pt>
File: figures/07.png Graphic file (type png)
<use figures/07.png>
Package pdftex.def Info: figures/07.png  used on input line 127.
(pdftex.def)             Requested size: 136.6273pt x 96.18883pt.

Overfull \vbox (42.83559pt too high) detected at line 127
 []

Package epstopdf Info: Source file: <kth_cmyk_logo.eps>
(epstopdf)                    date: 2018-09-15 15:04:54
(epstopdf)                    size: 190451 bytes
(epstopdf)             Output file: <kth_cmyk_logo-eps-converted-to.pdf>
(epstopdf)                    date: 2018-09-15 15:04:54
(epstopdf)                    size: 23788 bytes
(epstopdf)             Command: <repstopdf --outfile=kth_cmyk_logo-eps-converte
d-to.pdf kth_cmyk_logo.eps>
(epstopdf)             \includegraphics on input line 127.
Package epstopdf Info: Output file is already uptodate.
File: kth_cmyk_logo-eps-converted-to.pdf Graphic file (type pdf)
<use kth_cmyk_logo-eps-converted-to.pdf>
Package pdftex.def Info: kth_cmyk_logo-eps-converted-to.pdf  used on input line
 127.
(pdftex.def)             Requested size: 25.60747pt x 25.60736pt.
Package epstopdf Info: Source file: <KTHplatta_CMYK.eps>
(epstopdf)                    date: 2018-09-15 15:04:54
(epstopdf)                    size: 868966 bytes
(epstopdf)             Output file: <KTHplatta_CMYK-eps-converted-to.pdf>
(epstopdf)                    date: 2018-09-15 15:04:54
(epstopdf)                    size: 6147 bytes
(epstopdf)             Command: <repstopdf --outfile=KTHplatta_CMYK-eps-convert
ed-to.pdf KTHplatta_CMYK.eps>
(epstopdf)             \includegraphics on input line 127.
Package epstopdf Info: Output file is already uptodate.
File: KTHplatta_CMYK-eps-converted-to.pdf Graphic file (type pdf)
<use KTHplatta_CMYK-eps-converted-to.pdf>
Package pdftex.def Info: KTHplatta_CMYK-eps-converted-to.pdf  used on input lin
e 127.
(pdftex.def)             Requested size: 546.29303pt x 31.88792pt.

Overfull \hbox (327.7736pt too wide) has occurred while \output is active
[][]  
 []

[6

 <./figures/06.png> <./figures/07.png>]
<figures/08.png, id=84, 373.395pt x 264.99pt>
File: figures/08.png Graphic file (type png)
<use figures/08.png>
Package pdftex.def Info: figures/08.png  used on input line 143.
(pdftex.def)             Requested size: 136.6273pt x 96.96112pt.
<figures/09.png, id=85, 373.395pt x 264.99pt>
File: figures/09.png Graphic file (type png)
<use figures/09.png>
Package pdftex.def Info: figures/09.png  used on input line 143.
(pdftex.def)             Requested size: 136.6273pt x 96.96112pt.

Overfull \vbox (70.80789pt too high) detected at line 143
 []

Package epstopdf Info: Source file: <kth_cmyk_logo.eps>
(epstopdf)                    date: 2018-09-15 15:04:54
(epstopdf)                    size: 190451 bytes
(epstopdf)             Output file: <kth_cmyk_logo-eps-converted-to.pdf>
(epstopdf)                    date: 2018-09-15 15:04:54
(epstopdf)                    size: 23788 bytes
(epstopdf)             Command: <repstopdf --outfile=kth_cmyk_logo-eps-converte
d-to.pdf kth_cmyk_logo.eps>
(epstopdf)             \includegraphics on input line 143.
Package epstopdf Info: Output file is already uptodate.
File: kth_cmyk_logo-eps-converted-to.pdf Graphic file (type pdf)
<use kth_cmyk_logo-eps-converted-to.pdf>
Package pdftex.def Info: kth_cmyk_logo-eps-converted-to.pdf  used on input line
 143.
(pdftex.def)             Requested size: 25.60747pt x 25.60736pt.
Package epstopdf Info: Source file: <KTHplatta_CMYK.eps>
(epstopdf)                    date: 2018-09-15 15:04:54
(epstopdf)                    size: 868966 bytes
(epstopdf)             Output file: <KTHplatta_CMYK-eps-converted-to.pdf>
(epstopdf)                    date: 2018-09-15 15:04:54
(epstopdf)                    size: 6147 bytes
(epstopdf)             Command: <repstopdf --outfile=KTHplatta_CMYK-eps-convert
ed-to.pdf KTHplatta_CMYK.eps>
(epstopdf)             \includegraphics on input line 143.
Package epstopdf Info: Output file is already uptodate.
File: KTHplatta_CMYK-eps-converted-to.pdf Graphic file (type pdf)
<use KTHplatta_CMYK-eps-converted-to.pdf>
Package pdftex.def Info: KTHplatta_CMYK-eps-converted-to.pdf  used on input lin
e 143.
(pdftex.def)             Requested size: 546.29303pt x 31.88792pt.

Overfull \hbox (327.7736pt too wide) has occurred while \output is active
[][]  
 []

[7

 <./figures/08.png> <./figures/09.png>]
<figures/10.png, id=94, 361.35pt x 264.99pt>
File: figures/10.png Graphic file (type png)
<use figures/10.png>
Package pdftex.def Info: figures/10.png  used on input line 157.
(pdftex.def)             Requested size: 142.32138pt x 104.36867pt.
<figures/11.png, id=95, 353.32pt x 264.99pt>
File: figures/11.png Graphic file (type png)
<use figures/11.png>
Package pdftex.def Info: figures/11.png  used on input line 157.
(pdftex.def)             Requested size: 139.4765pt x 104.60722pt.

Overfull \vbox (64.85399pt too high) detected at line 157
 []

Package epstopdf Info: Source file: <kth_cmyk_logo.eps>
(epstopdf)                    date: 2018-09-15 15:04:54
(epstopdf)                    size: 190451 bytes
(epstopdf)             Output file: <kth_cmyk_logo-eps-converted-to.pdf>
(epstopdf)                    date: 2018-09-15 15:04:54
(epstopdf)                    size: 23788 bytes
(epstopdf)             Command: <repstopdf --outfile=kth_cmyk_logo-eps-converte
d-to.pdf kth_cmyk_logo.eps>
(epstopdf)             \includegraphics on input line 157.
Package epstopdf Info: Output file is already uptodate.
File: kth_cmyk_logo-eps-converted-to.pdf Graphic file (type pdf)
<use kth_cmyk_logo-eps-converted-to.pdf>
Package pdftex.def Info: kth_cmyk_logo-eps-converted-to.pdf  used on input line
 157.
(pdftex.def)             Requested size: 25.60747pt x 25.60736pt.
Package epstopdf Info: Source file: <KTHplatta_CMYK.eps>
(epstopdf)                    date: 2018-09-15 15:04:54
(epstopdf)                    size: 868966 bytes
(epstopdf)             Output file: <KTHplatta_CMYK-eps-converted-to.pdf>
(epstopdf)                    date: 2018-09-15 15:04:54
(epstopdf)                    size: 6147 bytes
(epstopdf)             Command: <repstopdf --outfile=KTHplatta_CMYK-eps-convert
ed-to.pdf KTHplatta_CMYK.eps>
(epstopdf)             \includegraphics on input line 157.
Package epstopdf Info: Output file is already uptodate.
File: KTHplatta_CMYK-eps-converted-to.pdf Graphic file (type pdf)
<use KTHplatta_CMYK-eps-converted-to.pdf>
Package pdftex.def Info: KTHplatta_CMYK-eps-converted-to.pdf  used on input lin
e 157.
(pdftex.def)             Requested size: 546.29303pt x 31.88792pt.

Overfull \hbox (327.7736pt too wide) has occurred while \output is active
[][]  
 []

[8

 <./figures/10.png> <./figures/11.png>]
<figures/12.png, id=103, 367.3725pt x 278.03876pt>
File: figures/12.png Graphic file (type png)
<use figures/12.png>
Package pdftex.def Info: figures/12.png  used on input line 172.
(pdftex.def)             Requested size: 142.32138pt x 107.71344pt.
<figures/13.png, id=104, 367.3725pt x 278.03876pt>
File: figures/13.png Graphic file (type png)
<use figures/13.png>
Package pdftex.def Info: figures/13.png  used on input line 172.
(pdftex.def)             Requested size: 139.4765pt x 105.56248pt.
LaTeX Font Info:    Font shape `T1/phv/bx/n' in size <10> not available
(Font)              Font shape `T1/phv/b/n' tried instead on input line 172.

Overfull \vbox (81.9602pt too high) detected at line 172
 []

Package epstopdf Info: Source file: <kth_cmyk_logo.eps>
(epstopdf)                    date: 2018-09-15 15:04:54
(epstopdf)                    size: 190451 bytes
(epstopdf)             Output file: <kth_cmyk_logo-eps-converted-to.pdf>
(epstopdf)                    date: 2018-09-15 15:04:54
(epstopdf)                    size: 23788 bytes
(epstopdf)             Command: <repstopdf --outfile=kth_cmyk_logo-eps-converte
d-to.pdf kth_cmyk_logo.eps>
(epstopdf)             \includegraphics on input line 172.
Package epstopdf Info: Output file is already uptodate.
File: kth_cmyk_logo-eps-converted-to.pdf Graphic file (type pdf)
<use kth_cmyk_logo-eps-converted-to.pdf>
Package pdftex.def Info: kth_cmyk_logo-eps-converted-to.pdf  used on input line
 172.
(pdftex.def)             Requested size: 25.60747pt x 25.60736pt.
Package epstopdf Info: Source file: <KTHplatta_CMYK.eps>
(epstopdf)                    date: 2018-09-15 15:04:54
(epstopdf)                    size: 868966 bytes
(epstopdf)             Output file: <KTHplatta_CMYK-eps-converted-to.pdf>
(epstopdf)                    date: 2018-09-15 15:04:54
(epstopdf)                    size: 6147 bytes
(epstopdf)             Command: <repstopdf --outfile=KTHplatta_CMYK-eps-convert
ed-to.pdf KTHplatta_CMYK.eps>
(epstopdf)             \includegraphics on input line 172.
Package epstopdf Info: Output file is already uptodate.
File: KTHplatta_CMYK-eps-converted-to.pdf Graphic file (type pdf)
<use KTHplatta_CMYK-eps-converted-to.pdf>
Package pdftex.def Info: KTHplatta_CMYK-eps-converted-to.pdf  used on input lin
e 172.
(pdftex.def)             Requested size: 546.29303pt x 31.88792pt.

Overfull \hbox (327.7736pt too wide) has occurred while \output is active
[][]  
 []

[9

 <./figures/12.png> <./figures/13.png>]
<figures/14.png, id=112, 373.395pt x 278.03876pt>
File: figures/14.png Graphic file (type png)
<use figures/14.png>
Package pdftex.def Info: figures/14.png  used on input line 185.
(pdftex.def)             Requested size: 142.32138pt x 105.974pt.
<figures/15.png, id=113, 373.395pt x 278.03876pt>
File: figures/15.png Graphic file (type png)
<use figures/15.png>
Package pdftex.def Info: figures/15.png  used on input line 185.
(pdftex.def)             Requested size: 139.4765pt x 103.85698pt.

Overfull \vbox (79.95222pt too high) detected at line 185
 []

Package epstopdf Info: Source file: <kth_cmyk_logo.eps>
(epstopdf)                    date: 2018-09-15 15:04:54
(epstopdf)                    size: 190451 bytes
(epstopdf)             Output file: <kth_cmyk_logo-eps-converted-to.pdf>
(epstopdf)                    date: 2018-09-15 15:04:54
(epstopdf)                    size: 23788 bytes
(epstopdf)             Command: <repstopdf --outfile=kth_cmyk_logo-eps-converte
d-to.pdf kth_cmyk_logo.eps>
(epstopdf)             \includegraphics on input line 185.
Package epstopdf Info: Output file is already uptodate.
File: kth_cmyk_logo-eps-converted-to.pdf Graphic file (type pdf)
<use kth_cmyk_logo-eps-converted-to.pdf>
Package pdftex.def Info: kth_cmyk_logo-eps-converted-to.pdf  used on input line
 185.
(pdftex.def)             Requested size: 25.60747pt x 25.60736pt.
Package epstopdf Info: Source file: <KTHplatta_CMYK.eps>
(epstopdf)                    date: 2018-09-15 15:04:54
(epstopdf)                    size: 868966 bytes
(epstopdf)             Output file: <KTHplatta_CMYK-eps-converted-to.pdf>
(epstopdf)                    date: 2018-09-15 15:04:54
(epstopdf)                    size: 6147 bytes
(epstopdf)             Command: <repstopdf --outfile=KTHplatta_CMYK-eps-convert
ed-to.pdf KTHplatta_CMYK.eps>
(epstopdf)             \includegraphics on input line 185.
Package epstopdf Info: Output file is already uptodate.
File: KTHplatta_CMYK-eps-converted-to.pdf Graphic file (type pdf)
<use KTHplatta_CMYK-eps-converted-to.pdf>
Package pdftex.def Info: KTHplatta_CMYK-eps-converted-to.pdf  used on input lin
e 185.
(pdftex.def)             Requested size: 546.29303pt x 31.88792pt.

Overfull \hbox (327.7736pt too wide) has occurred while \output is active
[][]  
 []

[10

 <./figures/14.png> <./figures/15.png>]
<figures/16.png, id=121, 356.33125pt x 252.945pt>
File: figures/16.png Graphic file (type png)
<use figures/16.png>
Package pdftex.def Info: figures/16.png  used on input line 198.
(pdftex.def)             Requested size: 199.24905pt x 141.43594pt.
<figures/17.png, id=122, 359.3425pt x 264.99pt>
File: figures/17.png Graphic file (type png)
<use figures/17.png>
Package pdftex.def Info: figures/17.png  used on input line 198.
(pdftex.def)             Requested size: 82.54448pt x 60.86958pt.

Overfull \vbox (88.0827pt too high) detected at line 198
 []

Package epstopdf Info: Source file: <kth_cmyk_logo.eps>
(epstopdf)                    date: 2018-09-15 15:04:54
(epstopdf)                    size: 190451 bytes
(epstopdf)             Output file: <kth_cmyk_logo-eps-converted-to.pdf>
(epstopdf)                    date: 2018-09-15 15:04:54
(epstopdf)                    size: 23788 bytes
(epstopdf)             Command: <repstopdf --outfile=kth_cmyk_logo-eps-converte
d-to.pdf kth_cmyk_logo.eps>
(epstopdf)             \includegraphics on input line 198.
Package epstopdf Info: Output file is already uptodate.
File: kth_cmyk_logo-eps-converted-to.pdf Graphic file (type pdf)
<use kth_cmyk_logo-eps-converted-to.pdf>
Package pdftex.def Info: kth_cmyk_logo-eps-converted-to.pdf  used on input line
 198.
(pdftex.def)             Requested size: 25.60747pt x 25.60736pt.
Package epstopdf Info: Source file: <KTHplatta_CMYK.eps>
(epstopdf)                    date: 2018-09-15 15:04:54
(epstopdf)                    size: 868966 bytes
(epstopdf)             Output file: <KTHplatta_CMYK-eps-converted-to.pdf>
(epstopdf)                    date: 2018-09-15 15:04:54
(epstopdf)                    size: 6147 bytes
(epstopdf)             Command: <repstopdf --outfile=KTHplatta_CMYK-eps-convert
ed-to.pdf KTHplatta_CMYK.eps>
(epstopdf)             \includegraphics on input line 198.
Package epstopdf Info: Output file is already uptodate.
File: KTHplatta_CMYK-eps-converted-to.pdf Graphic file (type pdf)
<use KTHplatta_CMYK-eps-converted-to.pdf>
Package pdftex.def Info: KTHplatta_CMYK-eps-converted-to.pdf  used on input lin
e 198.
(pdftex.def)             Requested size: 546.29303pt x 31.88792pt.

Overfull \hbox (327.7736pt too wide) has occurred while \output is active
[][]  
 []

[11

 <./figures/16.png> <./figures/17.png>]
<figures/18.png, id=130, 1723.43875pt x 633.36626pt>
File: figures/18.png Graphic file (type png)
<use figures/18.png>
Package pdftex.def Info: figures/18.png  used on input line 204.
(pdftex.def)             Requested size: 281.79788pt x 103.5538pt.

Overfull \vbox (15.69566pt too high) detected at line 204
 []

Package epstopdf Info: Source file: <kth_cmyk_logo.eps>
(epstopdf)                    date: 2018-09-15 15:04:54
(epstopdf)                    size: 190451 bytes
(epstopdf)             Output file: <kth_cmyk_logo-eps-converted-to.pdf>
(epstopdf)                    date: 2018-09-15 15:04:54
(epstopdf)                    size: 23788 bytes
(epstopdf)             Command: <repstopdf --outfile=kth_cmyk_logo-eps-converte
d-to.pdf kth_cmyk_logo.eps>
(epstopdf)             \includegraphics on input line 204.
Package epstopdf Info: Output file is already uptodate.
File: kth_cmyk_logo-eps-converted-to.pdf Graphic file (type pdf)
<use kth_cmyk_logo-eps-converted-to.pdf>
Package pdftex.def Info: kth_cmyk_logo-eps-converted-to.pdf  used on input line
 204.
(pdftex.def)             Requested size: 25.60747pt x 25.60736pt.
Package epstopdf Info: Source file: <KTHplatta_CMYK.eps>
(epstopdf)                    date: 2018-09-15 15:04:54
(epstopdf)                    size: 868966 bytes
(epstopdf)             Output file: <KTHplatta_CMYK-eps-converted-to.pdf>
(epstopdf)                    date: 2018-09-15 15:04:54
(epstopdf)                    size: 6147 bytes
(epstopdf)             Command: <repstopdf --outfile=KTHplatta_CMYK-eps-convert
ed-to.pdf KTHplatta_CMYK.eps>
(epstopdf)             \includegraphics on input line 204.
Package epstopdf Info: Output file is already uptodate.
File: KTHplatta_CMYK-eps-converted-to.pdf Graphic file (type pdf)
<use KTHplatta_CMYK-eps-converted-to.pdf>
Package pdftex.def Info: KTHplatta_CMYK-eps-converted-to.pdf  used on input lin
e 204.
(pdftex.def)             Requested size: 546.29303pt x 31.88792pt.

Overfull \hbox (327.7736pt too wide) has occurred while \output is active
[][]  
 []

[12

 <./figures/18.png>]
Package epstopdf Info: Source file: <kth_cmyk_logo.eps>
(epstopdf)                    date: 2018-09-15 15:04:54
(epstopdf)                    size: 190451 bytes
(epstopdf)             Output file: <kth_cmyk_logo-eps-converted-to.pdf>
(epstopdf)                    date: 2018-09-15 15:04:54
(epstopdf)                    size: 23788 bytes
(epstopdf)             Command: <repstopdf --outfile=kth_cmyk_logo-eps-converte
d-to.pdf kth_cmyk_logo.eps>
(epstopdf)             \includegraphics on input line 208.
Package epstopdf Info: Output file is already uptodate.
File: kth_cmyk_logo-eps-converted-to.pdf Graphic file (type pdf)
<use kth_cmyk_logo-eps-converted-to.pdf>
Package pdftex.def Info: kth_cmyk_logo-eps-converted-to.pdf  used on input line
 208.
(pdftex.def)             Requested size: 25.60747pt x 25.60736pt.
Package epstopdf Info: Source file: <KTHplatta_CMYK.eps>
(epstopdf)                    date: 2018-09-15 15:04:54
(epstopdf)                    size: 868966 bytes
(epstopdf)             Output file: <KTHplatta_CMYK-eps-converted-to.pdf>
(epstopdf)                    date: 2018-09-15 15:04:54
(epstopdf)                    size: 6147 bytes
(epstopdf)             Command: <repstopdf --outfile=KTHplatta_CMYK-eps-convert
ed-to.pdf KTHplatta_CMYK.eps>
(epstopdf)             \includegraphics on input line 208.
Package epstopdf Info: Output file is already uptodate.
File: KTHplatta_CMYK-eps-converted-to.pdf Graphic file (type pdf)
<use KTHplatta_CMYK-eps-converted-to.pdf>
Package pdftex.def Info: KTHplatta_CMYK-eps-converted-to.pdf  used on input lin
e 208.
(pdftex.def)             Requested size: 546.29303pt x 31.88792pt.

Overfull \hbox (327.7736pt too wide) has occurred while \output is active
[][]  
 []

[13

]
\tf@nav=\write7
\openout7 = `KTHPresentation.nav'.

\tf@toc=\write8
\openout8 = `KTHPresentation.toc'.

\tf@snm=\write9
\openout9 = `KTHPresentation.snm'.

Package atveryend Info: Empty hook `BeforeClearDocument' on input line 210.
Package atveryend Info: Empty hook `AfterLastShipout' on input line 210.
 (./KTHPresentation.aux)
Package atveryend Info: Executing hook `AtVeryEndDocument' on input line 210.
Package atveryend Info: Executing hook `AtEndAfterFileList' on input line 210.
Package rerunfilecheck Info: File `KTHPresentation.out' has not changed.
(rerunfilecheck)             Checksum: D41D8CD98F00B204E9800998ECF8427E;0.
 ) 
Here is how much of TeX's memory you used:
 21173 strings out of 492649
 408572 string characters out of 6129127
 590717 words of memory out of 5000000
 24502 multiletter control sequences out of 15000+600000
 48616 words of font info for 65 fonts, out of 8000000 for 9000
 1141 hyphenation exceptions out of 8191
 60i,28n,71p,782b,581s stack positions out of 5000i,500n,10000p,200000b,80000s
{d:/thinkPad/texlive/2018/texmf-dist/fonts/enc/dvips/base/8r.enc}<d:/thinkPad
/texlive/2018/texmf-dist/fonts/type1/public/amsfonts/cm/cmex10.pfb><d:/thinkPad
/texlive/2018/texmf-dist/fonts/type1/public/amsfonts/cm/cmmi10.pfb><d:/thinkPad
/texlive/2018/texmf-dist/fonts/type1/public/amsfonts/cm/cmss10.pfb><d:/thinkPad
/texlive/2018/texmf-dist/fonts/type1/public/amsfonts/cm/cmsy10.pfb><d:/thinkPad
/texlive/2018/texmf-dist/fonts/type1/public/amsfonts/cm/cmsy8.pfb><d:/thinkPad/
texlive/2018/texmf-dist/fonts/type1/public/amsfonts/symbols/msam10.pfb><d:/thin
kPad/texlive/2018/texmf-dist/fonts/type1/urw/helvetic/uhvb8a.pfb><d:/thinkPad/t
exlive/2018/texmf-dist/fonts/type1/urw/helvetic/uhvr8a.pfb><d:/thinkPad/texlive
/2018/texmf-dist/fonts/type1/urw/helvetic/uhvro8a.pfb>
Output written on KTHPresentation.pdf (13 pages, 376664 bytes).
PDF statistics:
 182 PDF objects out of 1000 (max. 8388607)
 107 compressed objects within 2 object streams
 27 named destinations out of 1000 (max. 500000)
 153 words of extra memory for PDF output out of 10000 (max. 10000000)

